Build started 2017/3/25 21:38:11.
     1>Project "H:\EngineTestere\EngineTester\OCREngine\OCREngine.vcxproj" on node 2 (build target(s)).
     1>InitializeBuildStatus:
         Creating "Win32\Debug\OCREngine.unsuccessfulbuild" because "AlwaysCreate" was specified.
       ClCompile:
         C:\Program Files (x86)\Microsoft Visual Studio 10.0\VC\bin\CL.exe /c /I. /IH:\EngineTestere\EngineTester\OpenCV\include /IFindString /IBinarization /IInclCorr /ISegmentation /IOCR /IH:\EngineTestere\EngineTester\include\tesseract /ZI /nologo /W3 /WX- /Od /Oy- /D WIN32 /D _DEBUG /D _WINDOWS /D _USRDLL /D OCRENGINE_EXPORTS /D _CRT_SECURE_NO_WARNINGS /D MSVC_OCR /D _WINDLL /D _UNICODE /D UNICODE /Gm /EHsc /RTC1 /MDd /GS /fp:precise /Zc:wchar_t /Zc:forScope /Yc"StdAfx.h" /Fp"Win32\Debug\OCREngine.pch" /Fo"Win32\Debug\\" /Fd"Win32\Debug\vc100.pdb" /Gd /TP /analyze- /errorReport:prompt stdafx.cpp
         stdafx.cpp
         C:\Program Files (x86)\Microsoft Visual Studio 10.0\VC\bin\CL.exe /c /I. /IH:\EngineTestere\EngineTester\OpenCV\include /IFindString /IBinarization /IInclCorr /ISegmentation /IOCR /IH:\EngineTestere\EngineTester\include\tesseract /ZI /nologo /W3 /WX- /Od /Oy- /D WIN32 /D _DEBUG /D _WINDOWS /D _USRDLL /D OCRENGINE_EXPORTS /D _CRT_SECURE_NO_WARNINGS /D MSVC_OCR /D _WINDLL /D _UNICODE /D UNICODE /Gm /EHsc /RTC1 /MDd /GS /fp:precise /Zc:wchar_t /Zc:forScope /Yu"StdAfx.h" /Fp"Win32\Debug\OCREngine.pch" /Fo"Win32\Debug\\" /Fd"Win32\Debug\vc100.pdb" /Gd /TP /analyze- /errorReport:prompt Binarization\Binarization.cpp ExtractBlack.cpp FindString\Array.cpp FindString\FilterContours.cpp FindString\FindString.cpp FindString\PosterEdge.cpp FindString\RemoveNoise.cpp InclCorr\InclCorr.cpp OCREngine.cpp OCR\OCR.cpp Segmentation\NoiseReduction.cpp Segmentation\Segmentation.cpp
         Segmentation.cpp
         NoiseReduction.cpp
         OCR.cpp
         OCREngine.cpp
     1>h:\enginetestere\enginetester\include\tesseract\baseapi.h(594): warning C4099: 'ETEXT_DESC' : type name first seen using 'class' now seen using 'struct'
                 h:\enginetestere\enginetester\include\tesseract\baseapi.h(56) : see declaration of 'ETEXT_DESC'
     1>h:\enginetestere\enginetester\ocrengine\ocrengine.cpp(138): warning C4244: 'argument' : conversion from 'double' to 'int', possible loss of data
     1>h:\enginetestere\enginetester\ocrengine\ocrengine.cpp(138): warning C4244: 'argument' : conversion from 'double' to 'int', possible loss of data
     1>h:\enginetestere\enginetester\ocrengine\ocrengine.cpp(138): warning C4244: 'argument' : conversion from 'double' to 'int', possible loss of data
     1>h:\enginetestere\enginetester\ocrengine\ocrengine.cpp(138): warning C4244: 'argument' : conversion from 'double' to 'int', possible loss of data
         InclCorr.cpp
         RemoveNoise.cpp
         PosterEdge.cpp
         FindString.cpp
         FilterContours.cpp
         Array.cpp
         ExtractBlack.cpp
         Binarization.cpp
         Generating Code...
         C:\Program Files (x86)\Microsoft Visual Studio 10.0\VC\bin\CL.exe /c /I. /IH:\EngineTestere\EngineTester\OpenCV\include /IFindString /IBinarization /IInclCorr /ISegmentation /IOCR /IH:\EngineTestere\EngineTester\include\tesseract /ZI /nologo /W3 /WX- /Od /Oy- /D WIN32 /D _DEBUG /D _WINDOWS /D _USRDLL /D OCRENGINE_EXPORTS /D _CRT_SECURE_NO_WARNINGS /D MSVC_OCR /D _WINDLL /D _UNICODE /D UNICODE /Gm /EHsc /RTC1 /MDd /GS /fp:precise /Zc:wchar_t /Zc:forScope /Fo"Win32\Debug\\" /Fd"Win32\Debug\vc100.pdb" /Gd /TP /analyze- /errorReport:prompt dllmain.cpp
         dllmain.cpp
       ManifestResourceCompile:
         C:\Program Files (x86)\Microsoft SDKs\Windows\v7.0A\bin\rc.exe /nologo /fo"Win32\Debug\OCREngine.dll.embed.manifest.res" Win32\Debug\OCREngine_manifest.rc 
       Link:
         C:\Program Files (x86)\Microsoft Visual Studio 10.0\VC\bin\link.exe /ERRORREPORT:PROMPT /OUT:"H:\EngineTestere\EngineTester\bin\Win32\Debug\OCREngine.dll" /INCREMENTAL /NOLOGO /LIBPATH:H:\EngineTestere\EngineTester\OpenCV\x86\vc10\lib /LIBPATH:H:\EngineTestere\EngineTester\Lib\Win32\Debug opencv_core248d.lib opencv_highgui248d.lib opencv_imgproc248d.lib FaceEngine.lib FinderEngine.lib CarOCREngine.lib CarBrandRecog.lib libtesseract304d.lib kernel32.lib user32.lib gdi32.lib winspool.lib comdlg32.lib advapi32.lib shell32.lib ole32.lib oleaut32.lib uuid.lib odbc32.lib odbccp32.lib Delayimp.lib /DELAYLOAD:opencv_core248d.dll /DELAYLOAD:opencv_highgui248d.dll /DELAYLOAD:opencv_imgproc248d.dll /MANIFEST /ManifestFile:"Win32\Debug\OCREngine.dll.intermediate.manifest" /MANIFESTUAC:"level='asInvoker' uiAccess='false'" /DEBUG /PDB:"H:\EngineTestere\EngineTester\bin\Win32\Debug\OCREngine.pdb" /SUBSYSTEM:WINDOWS /TLBID:1 /DYNAMICBASE /NXCOMPAT /IMPLIB:"Win32\Debug\OCREngine.lib" /MACHINE:X86 /DLL Win32\Debug\OCREngine.dll.embed.manifest.res
         Win32\Debug\Binarization.obj
         Win32\Debug\ExtractBlack.obj
         Win32\Debug\dllmain.obj
         Win32\Debug\Array.obj
         Win32\Debug\FilterContours.obj
         Win32\Debug\FindString.obj
         Win32\Debug\PosterEdge.obj
         Win32\Debug\RemoveNoise.obj
         Win32\Debug\InclCorr.obj
         Win32\Debug\OCREngine.obj
         Win32\Debug\OCR.obj
         Win32\Debug\NoiseReduction.obj
         Win32\Debug\Segmentation.obj
         Win32\Debug\stdafx.obj
            Creating library Win32\Debug\OCREngine.lib and object Win32\Debug\OCREngine.exp
       Manifest:
         C:\Program Files (x86)\Microsoft SDKs\Windows\v7.0A\bin\mt.exe /nologo /verbose /out:"Win32\Debug\OCREngine.dll.embed.manifest" /manifest Win32\Debug\OCREngine.dll.intermediate.manifest
         C:\Program Files (x86)\Microsoft SDKs\Windows\v7.0A\bin\rc.exe /nologo /fo"Win32\Debug\OCREngine.dll.embed.manifest.res" Win32\Debug\OCREngine_manifest.rc 
       LinkEmbedManifest:
         C:\Program Files (x86)\Microsoft Visual Studio 10.0\VC\bin\link.exe /ERRORREPORT:PROMPT /OUT:"H:\EngineTestere\EngineTester\bin\Win32\Debug\OCREngine.dll" /INCREMENTAL /NOLOGO /LIBPATH:H:\EngineTestere\EngineTester\OpenCV\x86\vc10\lib /LIBPATH:H:\EngineTestere\EngineTester\Lib\Win32\Debug opencv_core248d.lib opencv_highgui248d.lib opencv_imgproc248d.lib FaceEngine.lib FinderEngine.lib CarOCREngine.lib CarBrandRecog.lib libtesseract304d.lib kernel32.lib user32.lib gdi32.lib winspool.lib comdlg32.lib advapi32.lib shell32.lib ole32.lib oleaut32.lib uuid.lib odbc32.lib odbccp32.lib Delayimp.lib /DELAYLOAD:opencv_core248d.dll /DELAYLOAD:opencv_highgui248d.dll /DELAYLOAD:opencv_imgproc248d.dll /MANIFEST /ManifestFile:"Win32\Debug\OCREngine.dll.intermediate.manifest" /MANIFESTUAC:"level='asInvoker' uiAccess='false'" /DEBUG /PDB:"H:\EngineTestere\EngineTester\bin\Win32\Debug\OCREngine.pdb" /SUBSYSTEM:WINDOWS /TLBID:1 /DYNAMICBASE /NXCOMPAT /IMPLIB:"Win32\Debug\OCREngine.lib" /MACHINE:X86 /DLL Win32\Debug\OCREngine.dll.embed.manifest.res
         Win32\Debug\Binarization.obj
         Win32\Debug\ExtractBlack.obj
         Win32\Debug\dllmain.obj
         Win32\Debug\Array.obj
         Win32\Debug\FilterContours.obj
         Win32\Debug\FindString.obj
         Win32\Debug\PosterEdge.obj
         Win32\Debug\RemoveNoise.obj
         Win32\Debug\InclCorr.obj
         Win32\Debug\OCREngine.obj
         Win32\Debug\OCR.obj
         Win32\Debug\NoiseReduction.obj
         Win32\Debug\Segmentation.obj
         Win32\Debug\stdafx.obj
            Creating library Win32\Debug\OCREngine.lib and object Win32\Debug\OCREngine.exp
         OCREngine.vcxproj -> H:\EngineTestere\EngineTester\bin\Win32\Debug\OCREngine.dll
       FinalizeBuildStatus:
         Deleting file "Win32\Debug\OCREngine.unsuccessfulbuild".
         Touching "Win32\Debug\OCREngine.lastbuildstate".
     1>Done Building Project "H:\EngineTestere\EngineTester\OCREngine\OCREngine.vcxproj" (build target(s)).

Build succeeded.

Time Elapsed 00:00:17.03
