E:\3.----------------------------------------------------------------------------\ENGINETESTER\BIN\WIN32\RELEASE\OCRENGINE.DLL
E:\3.----------------------------------------------------------------------------\ENGINETESTER\BIN\WIN32\RELEASE\OCRENGINE.PDB
E:\3.----------------------------------------------------------------------------\ENGINETESTER\OCRENGINE\WIN32\RELEASE\ARRAY.OBJ
E:\3.----------------------------------------------------------------------------\ENGINETESTER\OCRENGINE\WIN32\RELEASE\BINARIZATION.OBJ
E:\3.----------------------------------------------------------------------------\EngineTester\OCREngine\Win32\Release\cl.command.1.tlog
E:\3.----------------------------------------------------------------------------\EngineTester\OCREngine\Win32\Release\CL.read.1.tlog
E:\3.----------------------------------------------------------------------------\EngineTester\OCREngine\Win32\Release\CL.write.1.tlog
E:\3.----------------------------------------------------------------------------\ENGINETESTER\OCRENGINE\WIN32\RELEASE\DLLMAIN.OBJ
E:\3.----------------------------------------------------------------------------\ENGINETESTER\OCRENGINE\WIN32\RELEASE\EXTRACTBLACK.OBJ
E:\3.----------------------------------------------------------------------------\ENGINETESTER\OCRENGINE\WIN32\RELEASE\FILTERCONTOURS.OBJ
E:\3.----------------------------------------------------------------------------\ENGINETESTER\OCRENGINE\WIN32\RELEASE\FINDSTRING.OBJ
E:\3.----------------------------------------------------------------------------\ENGINETESTER\OCRENGINE\WIN32\RELEASE\INCLCORR.OBJ
E:\3.----------------------------------------------------------------------------\EngineTester\OCREngine\Win32\Release\link.command.1.tlog
E:\3.----------------------------------------------------------------------------\EngineTester\OCREngine\Win32\Release\link.read.1.tlog
E:\3.----------------------------------------------------------------------------\EngineTester\OCREngine\Win32\Release\link.write.1.tlog
E:\3.----------------------------------------------------------------------------\EngineTester\OCREngine\Win32\Release\mt.command.1.tlog
E:\3.----------------------------------------------------------------------------\EngineTester\OCREngine\Win32\Release\mt.read.1.tlog
E:\3.----------------------------------------------------------------------------\EngineTester\OCREngine\Win32\Release\mt.write.1.tlog
E:\3.----------------------------------------------------------------------------\ENGINETESTER\OCRENGINE\WIN32\RELEASE\NOISEREDUCTION.OBJ
E:\3.----------------------------------------------------------------------------\ENGINETESTER\OCRENGINE\WIN32\RELEASE\OCR.OBJ
E:\3.----------------------------------------------------------------------------\ENGINETESTER\OCRENGINE\WIN32\RELEASE\OCRENGINE.DLL.INTERMEDIATE.MANIFEST
E:\3.----------------------------------------------------------------------------\EngineTester\OCREngine\Win32\Release\OCREngine.exp
E:\3.----------------------------------------------------------------------------\EngineTester\OCREngine\Win32\Release\OCREngine.lib
E:\3.----------------------------------------------------------------------------\ENGINETESTER\OCRENGINE\WIN32\RELEASE\OCRENGINE.OBJ
E:\3.----------------------------------------------------------------------------\ENGINETESTER\OCRENGINE\WIN32\RELEASE\OCRENGINE.PCH
E:\3.----------------------------------------------------------------------------\EngineTester\OCREngine\Win32\Release\OCREngine.write.1.tlog
E:\3.----------------------------------------------------------------------------\ENGINETESTER\OCRENGINE\WIN32\RELEASE\POSTEREDGE.OBJ
E:\3.----------------------------------------------------------------------------\ENGINETESTER\OCRENGINE\WIN32\RELEASE\REMOVENOISE.OBJ
E:\3.----------------------------------------------------------------------------\ENGINETESTER\OCRENGINE\WIN32\RELEASE\SEGMENTATION.OBJ
E:\3.----------------------------------------------------------------------------\ENGINETESTER\OCRENGINE\WIN32\RELEASE\STDAFX.OBJ
E:\3.----------------------------------------------------------------------------\ENGINETESTER\OCRENGINE\WIN32\RELEASE\VC100.PDB
